{"/Users/Masavain/FullStackharkka/back/index.js": {"path":"/Users/Masavain/FullStackharkka/back/index.js","statementMap":{"0":{"start":{"line":1,"column":13},"end":{"line":1,"column":28}},"1":{"start":{"line":2,"column":16},"end":{"line":2,"column":34}},"2":{"start":{"line":3,"column":12},"end":{"line":3,"column":21}},"3":{"start":{"line":4,"column":19},"end":{"line":4,"column":41}},"4":{"start":{"line":5,"column":13},"end":{"line":5,"column":28}},"5":{"start":{"line":6,"column":17},"end":{"line":6,"column":36}},"6":{"start":{"line":7,"column":19},"end":{"line":7,"column":48}},"7":{"start":{"line":8,"column":20},"end":{"line":8,"column":50}},"8":{"start":{"line":9,"column":20},"end":{"line":9,"column":50}},"9":{"start":{"line":10,"column":20},"end":{"line":10,"column":50}},"10":{"start":{"line":11,"column":21},"end":{"line":11,"column":52}},"11":{"start":{"line":12,"column":21},"end":{"line":12,"column":52}},"12":{"start":{"line":13,"column":20},"end":{"line":13,"column":50}},"13":{"start":{"line":15,"column":15},"end":{"line":15,"column":40}},"14":{"start":{"line":17,"column":0},"end":{"line":17,"column":33}},"15":{"start":{"line":18,"column":0},"end":{"line":18,"column":33}},"16":{"start":{"line":20,"column":0},"end":{"line":20,"column":15}},"17":{"start":{"line":21,"column":0},"end":{"line":21,"column":26}},"18":{"start":{"line":22,"column":0},"end":{"line":22,"column":32}},"19":{"start":{"line":23,"column":0},"end":{"line":23,"column":26}},"20":{"start":{"line":24,"column":0},"end":{"line":24,"column":34}},"21":{"start":{"line":25,"column":0},"end":{"line":25,"column":34}},"22":{"start":{"line":26,"column":0},"end":{"line":26,"column":34}},"23":{"start":{"line":27,"column":0},"end":{"line":27,"column":34}},"24":{"start":{"line":28,"column":0},"end":{"line":28,"column":36}},"25":{"start":{"line":29,"column":0},"end":{"line":29,"column":34}},"26":{"start":{"line":30,"column":0},"end":{"line":30,"column":36}},"27":{"start":{"line":31,"column":0},"end":{"line":31,"column":46}},"28":{"start":{"line":33,"column":0},"end":{"line":35,"column":2}},"29":{"start":{"line":34,"column":2},"end":{"line":34,"column":47}},"30":{"start":{"line":37,"column":0},"end":{"line":37,"column":25}},"31":{"start":{"line":39,"column":15},"end":{"line":39,"column":37}},"32":{"start":{"line":41,"column":0},"end":{"line":43,"column":2}},"33":{"start":{"line":42,"column":2},"end":{"line":42,"column":54}},"34":{"start":{"line":45,"column":0},"end":{"line":47,"column":2}},"35":{"start":{"line":46,"column":2},"end":{"line":46,"column":29}},"36":{"start":{"line":49,"column":0},"end":{"line":51,"column":1}}},"fnMap":{"0":{"name":"(anonymous_0)","decl":{"start":{"line":33,"column":14},"end":{"line":33,"column":15}},"loc":{"start":{"line":33,"column":28},"end":{"line":35,"column":1}},"line":33},"1":{"name":"(anonymous_1)","decl":{"start":{"line":41,"column":27},"end":{"line":41,"column":28}},"loc":{"start":{"line":41,"column":33},"end":{"line":43,"column":1}},"line":41},"2":{"name":"(anonymous_2)","decl":{"start":{"line":45,"column":19},"end":{"line":45,"column":20}},"loc":{"start":{"line":45,"column":25},"end":{"line":47,"column":1}},"line":45}},"branchMap":{},"s":{"0":1,"1":1,"2":1,"3":1,"4":1,"5":1,"6":1,"7":1,"8":1,"9":1,"10":1,"11":1,"12":1,"13":1,"14":1,"15":1,"16":1,"17":1,"18":1,"19":1,"20":1,"21":1,"22":1,"23":1,"24":1,"25":1,"26":1,"27":1,"28":1,"29":0,"30":1,"31":1,"32":1,"33":1,"34":1,"35":0,"36":1},"f":{"0":0,"1":1,"2":0},"b":{},"_coverageSchema":"332fd63041d2c1bcb487cc26dd0d5f7d97098a6c","hash":"f14ce92afa12af549451df7f633713f4d2e90b34"}
,"/Users/Masavain/FullStackharkka/back/controllers/albums.js": {"path":"/Users/Masavain/FullStackharkka/back/controllers/albums.js","statementMap":{"0":{"start":{"line":1,"column":21},"end":{"line":1,"column":48}},"1":{"start":{"line":2,"column":12},"end":{"line":2,"column":35}},"2":{"start":{"line":3,"column":13},"end":{"line":3,"column":38}},"3":{"start":{"line":4,"column":13},"end":{"line":4,"column":38}},"4":{"start":{"line":5,"column":14},"end":{"line":5,"column":40}},"5":{"start":{"line":6,"column":14},"end":{"line":6,"column":40}},"6":{"start":{"line":7,"column":17},"end":{"line":7,"column":44}},"7":{"start":{"line":9,"column":0},"end":{"line":15,"column":2}},"8":{"start":{"line":10,"column":19},"end":{"line":13,"column":29}},"9":{"start":{"line":14,"column":4},"end":{"line":14,"column":20}},"10":{"start":{"line":17,"column":0},"end":{"line":47,"column":2}},"11":{"start":{"line":18,"column":42},"end":{"line":18,"column":50}},"12":{"start":{"line":19,"column":4},"end":{"line":19,"column":29}},"13":{"start":{"line":20,"column":4},"end":{"line":45,"column":5}},"14":{"start":{"line":21,"column":22},"end":{"line":21,"column":31}},"15":{"start":{"line":22,"column":29},"end":{"line":22,"column":66}},"16":{"start":{"line":23,"column":8},"end":{"line":23,"column":44}},"17":{"start":{"line":24,"column":8},"end":{"line":26,"column":9}},"18":{"start":{"line":25,"column":12},"end":{"line":25,"column":78}},"19":{"start":{"line":28,"column":22},"end":{"line":28,"column":109}},"20":{"start":{"line":29,"column":8},"end":{"line":29,"column":35}},"21":{"start":{"line":30,"column":23},"end":{"line":30,"column":41}},"22":{"start":{"line":31,"column":21},"end":{"line":31,"column":48}},"23":{"start":{"line":32,"column":8},"end":{"line":32,"column":26}},"24":{"start":{"line":34,"column":8},"end":{"line":34,"column":51}},"25":{"start":{"line":35,"column":8},"end":{"line":35,"column":25}},"26":{"start":{"line":36,"column":8},"end":{"line":36,"column":36}},"27":{"start":{"line":39,"column":8},"end":{"line":44,"column":9}},"28":{"start":{"line":40,"column":12},"end":{"line":40,"column":62}},"29":{"start":{"line":42,"column":12},"end":{"line":42,"column":34}},"30":{"start":{"line":43,"column":12},"end":{"line":43,"column":70}},"31":{"start":{"line":49,"column":0},"end":{"line":64,"column":2}},"32":{"start":{"line":50,"column":4},"end":{"line":63,"column":5}},"33":{"start":{"line":51,"column":38},"end":{"line":51,"column":46}},"34":{"start":{"line":52,"column":22},"end":{"line":52,"column":57}},"35":{"start":{"line":53,"column":21},"end":{"line":55,"column":56}},"36":{"start":{"line":56,"column":24},"end":{"line":57,"column":74}},"37":{"start":{"line":58,"column":8},"end":{"line":58,"column":39}},"38":{"start":{"line":61,"column":8},"end":{"line":61,"column":26}},"39":{"start":{"line":62,"column":8},"end":{"line":62,"column":58}},"40":{"start":{"line":66,"column":0},"end":{"line":75,"column":2}},"41":{"start":{"line":67,"column":4},"end":{"line":74,"column":5}},"42":{"start":{"line":68,"column":22},"end":{"line":68,"column":95}},"43":{"start":{"line":69,"column":8},"end":{"line":69,"column":37}},"44":{"start":{"line":72,"column":8},"end":{"line":72,"column":26}},"45":{"start":{"line":73,"column":8},"end":{"line":73,"column":58}},"46":{"start":{"line":77,"column":0},"end":{"line":106,"column":2}},"47":{"start":{"line":78,"column":4},"end":{"line":105,"column":5}},"48":{"start":{"line":79,"column":21},"end":{"line":79,"column":29}},"49":{"start":{"line":80,"column":20},"end":{"line":80,"column":38}},"50":{"start":{"line":82,"column":12},"end":{"line":90,"column":14}},"51":{"start":{"line":83,"column":16},"end":{"line":89,"column":18}},"52":{"start":{"line":84,"column":20},"end":{"line":88,"column":21}},"53":{"start":{"line":85,"column":24},"end":{"line":85,"column":37}},"54":{"start":{"line":87,"column":24},"end":{"line":87,"column":42}},"55":{"start":{"line":92,"column":29},"end":{"line":92,"column":49}},"56":{"start":{"line":93,"column":8},"end":{"line":93,"column":33}},"57":{"start":{"line":94,"column":21},"end":{"line":98,"column":9}},"58":{"start":{"line":99,"column":29},"end":{"line":99,"column":132}},"59":{"start":{"line":100,"column":8},"end":{"line":100,"column":44}},"60":{"start":{"line":101,"column":8},"end":{"line":101,"column":56}},"61":{"start":{"line":103,"column":8},"end":{"line":103,"column":30}},"62":{"start":{"line":104,"column":8},"end":{"line":104,"column":58}},"63":{"start":{"line":108,"column":0},"end":{"line":121,"column":4}},"64":{"start":{"line":109,"column":4},"end":{"line":120,"column":7}},"65":{"start":{"line":110,"column":23},"end":{"line":110,"column":67}},"66":{"start":{"line":111,"column":21},"end":{"line":111,"column":57}},"67":{"start":{"line":112,"column":8},"end":{"line":112,"column":67}},"68":{"start":{"line":112,"column":46},"end":{"line":112,"column":66}},"69":{"start":{"line":113,"column":8},"end":{"line":113,"column":25}},"70":{"start":{"line":114,"column":8},"end":{"line":114,"column":27}},"71":{"start":{"line":115,"column":8},"end":{"line":115,"column":29}},"72":{"start":{"line":118,"column":8},"end":{"line":118,"column":30}},"73":{"start":{"line":119,"column":8},"end":{"line":119,"column":58}},"74":{"start":{"line":123,"column":0},"end":{"line":123,"column":29}}},"fnMap":{"0":{"name":"(anonymous_0)","decl":{"start":{"line":9,"column":22},"end":{"line":9,"column":23}},"loc":{"start":{"line":9,"column":42},"end":{"line":15,"column":1}},"line":9},"1":{"name":"(anonymous_1)","decl":{"start":{"line":17,"column":23},"end":{"line":17,"column":24}},"loc":{"start":{"line":17,"column":43},"end":{"line":47,"column":1}},"line":17},"2":{"name":"(anonymous_2)","decl":{"start":{"line":49,"column":25},"end":{"line":49,"column":26}},"loc":{"start":{"line":49,"column":45},"end":{"line":64,"column":1}},"line":49},"3":{"name":"(anonymous_3)","decl":{"start":{"line":66,"column":25},"end":{"line":66,"column":26}},"loc":{"start":{"line":66,"column":45},"end":{"line":75,"column":1}},"line":66},"4":{"name":"(anonymous_4)","decl":{"start":{"line":77,"column":35},"end":{"line":77,"column":36}},"loc":{"start":{"line":77,"column":55},"end":{"line":106,"column":1}},"line":77},"5":{"name":"promisify","decl":{"start":{"line":81,"column":17},"end":{"line":81,"column":26}},"loc":{"start":{"line":81,"column":32},"end":{"line":91,"column":9}},"line":81},"6":{"name":"(anonymous_6)","decl":{"start":{"line":82,"column":31},"end":{"line":82,"column":32}},"loc":{"start":{"line":82,"column":58},"end":{"line":90,"column":13}},"line":82},"7":{"name":"(anonymous_7)","decl":{"start":{"line":83,"column":43},"end":{"line":83,"column":44}},"loc":{"start":{"line":83,"column":71},"end":{"line":89,"column":17}},"line":83},"8":{"name":"(anonymous_8)","decl":{"start":{"line":108,"column":28},"end":{"line":108,"column":29}},"loc":{"start":{"line":108,"column":48},"end":{"line":121,"column":3}},"line":108},"9":{"name":"(anonymous_9)","decl":{"start":{"line":112,"column":41},"end":{"line":112,"column":42}},"loc":{"start":{"line":112,"column":46},"end":{"line":112,"column":66}},"line":112}},"branchMap":{"0":{"loc":{"start":{"line":24,"column":8},"end":{"line":26,"column":9}},"type":"if","locations":[{"start":{"line":24,"column":8},"end":{"line":26,"column":9}},{"start":{"line":24,"column":8},"end":{"line":26,"column":9}}],"line":24},"1":{"loc":{"start":{"line":24,"column":12},"end":{"line":24,"column":38}},"type":"binary-expr","locations":[{"start":{"line":24,"column":12},"end":{"line":24,"column":18}},{"start":{"line":24,"column":22},"end":{"line":24,"column":38}}],"line":24},"2":{"loc":{"start":{"line":39,"column":8},"end":{"line":44,"column":9}},"type":"if","locations":[{"start":{"line":39,"column":8},"end":{"line":44,"column":9}},{"start":{"line":39,"column":8},"end":{"line":44,"column":9}}],"line":39},"3":{"loc":{"start":{"line":53,"column":30},"end":{"line":53,"column":57}},"type":"cond-expr","locations":[{"start":{"line":53,"column":38},"end":{"line":53,"column":43}},{"start":{"line":53,"column":46},"end":{"line":53,"column":57}}],"line":53},"4":{"loc":{"start":{"line":54,"column":30},"end":{"line":54,"column":54}},"type":"cond-expr","locations":[{"start":{"line":54,"column":37},"end":{"line":54,"column":41}},{"start":{"line":54,"column":44},"end":{"line":54,"column":54}}],"line":54},"5":{"loc":{"start":{"line":55,"column":30},"end":{"line":55,"column":54}},"type":"cond-expr","locations":[{"start":{"line":55,"column":37},"end":{"line":55,"column":41}},{"start":{"line":55,"column":44},"end":{"line":55,"column":54}}],"line":55},"6":{"loc":{"start":{"line":84,"column":20},"end":{"line":88,"column":21}},"type":"if","locations":[{"start":{"line":84,"column":20},"end":{"line":88,"column":21}},{"start":{"line":84,"column":20},"end":{"line":88,"column":21}}],"line":84}},"s":{"0":1,"1":1,"2":1,"3":1,"4":1,"5":1,"6":1,"7":1,"8":0,"9":0,"10":1,"11":0,"12":0,"13":0,"14":0,"15":0,"16":0,"17":0,"18":0,"19":0,"20":0,"21":0,"22":0,"23":0,"24":0,"25":0,"26":0,"27":0,"28":0,"29":0,"30":0,"31":1,"32":0,"33":0,"34":0,"35":0,"36":0,"37":0,"38":0,"39":0,"40":1,"41":0,"42":0,"43":0,"44":0,"45":0,"46":1,"47":0,"48":0,"49":0,"50":0,"51":0,"52":0,"53":0,"54":0,"55":0,"56":0,"57":0,"58":0,"59":0,"60":0,"61":0,"62":0,"63":1,"64":0,"65":0,"66":0,"67":0,"68":0,"69":0,"70":0,"71":0,"72":0,"73":0,"74":1},"f":{"0":0,"1":0,"2":0,"3":0,"4":0,"5":0,"6":0,"7":0,"8":0,"9":0},"b":{"0":[0,0],"1":[0,0],"2":[0,0],"3":[0,0],"4":[0,0],"5":[0,0],"6":[0,0]},"_coverageSchema":"332fd63041d2c1bcb487cc26dd0d5f7d97098a6c","hash":"1aff74b73646a8d858427247a3ca4e195f77094d"}
,"/Users/Masavain/FullStackharkka/back/controllers/bands.js": {"path":"/Users/Masavain/FullStackharkka/back/controllers/bands.js","statementMap":{"0":{"start":{"line":1,"column":20},"end":{"line":1,"column":47}},"1":{"start":{"line":2,"column":12},"end":{"line":2,"column":35}},"2":{"start":{"line":3,"column":13},"end":{"line":3,"column":38}},"3":{"start":{"line":4,"column":13},"end":{"line":4,"column":38}},"4":{"start":{"line":5,"column":14},"end":{"line":5,"column":40}},"5":{"start":{"line":6,"column":17},"end":{"line":6,"column":44}},"6":{"start":{"line":8,"column":0},"end":{"line":24,"column":2}},"7":{"start":{"line":9,"column":18},"end":{"line":22,"column":11}},"8":{"start":{"line":23,"column":4},"end":{"line":23,"column":19}},"9":{"start":{"line":26,"column":0},"end":{"line":59,"column":2}},"10":{"start":{"line":27,"column":62},"end":{"line":27,"column":70}},"11":{"start":{"line":29,"column":4},"end":{"line":57,"column":5}},"12":{"start":{"line":30,"column":8},"end":{"line":32,"column":9}},"13":{"start":{"line":31,"column":12},"end":{"line":31,"column":69}},"14":{"start":{"line":33,"column":22},"end":{"line":33,"column":31}},"15":{"start":{"line":34,"column":29},"end":{"line":34,"column":66}},"16":{"start":{"line":35,"column":8},"end":{"line":35,"column":44}},"17":{"start":{"line":37,"column":8},"end":{"line":39,"column":9}},"18":{"start":{"line":38,"column":12},"end":{"line":38,"column":78}},"19":{"start":{"line":40,"column":21},"end":{"line":40,"column":57}},"20":{"start":{"line":42,"column":21},"end":{"line":42,"column":157}},"21":{"start":{"line":43,"column":23},"end":{"line":43,"column":40}},"22":{"start":{"line":44,"column":8},"end":{"line":44,"column":26}},"23":{"start":{"line":46,"column":8},"end":{"line":46,"column":48}},"24":{"start":{"line":47,"column":8},"end":{"line":47,"column":25}},"25":{"start":{"line":48,"column":8},"end":{"line":48,"column":36}},"26":{"start":{"line":51,"column":8},"end":{"line":56,"column":9}},"27":{"start":{"line":52,"column":12},"end":{"line":52,"column":62}},"28":{"start":{"line":54,"column":12},"end":{"line":54,"column":34}},"29":{"start":{"line":55,"column":12},"end":{"line":55,"column":70}},"30":{"start":{"line":61,"column":0},"end":{"line":75,"column":2}},"31":{"start":{"line":62,"column":4},"end":{"line":74,"column":5}},"32":{"start":{"line":63,"column":42},"end":{"line":63,"column":50}},"33":{"start":{"line":64,"column":22},"end":{"line":64,"column":56}},"34":{"start":{"line":65,"column":21},"end":{"line":67,"column":56}},"35":{"start":{"line":69,"column":24},"end":{"line":69,"column":105}},"36":{"start":{"line":70,"column":8},"end":{"line":70,"column":50}},"37":{"start":{"line":73,"column":8},"end":{"line":73,"column":58}},"38":{"start":{"line":77,"column":0},"end":{"line":89,"column":2}},"39":{"start":{"line":78,"column":4},"end":{"line":88,"column":5}},"40":{"start":{"line":79,"column":21},"end":{"line":79,"column":119}},"41":{"start":{"line":80,"column":8},"end":{"line":84,"column":11}},"42":{"start":{"line":81,"column":12},"end":{"line":81,"column":39}},"43":{"start":{"line":83,"column":12},"end":{"line":83,"column":33}},"44":{"start":{"line":87,"column":8},"end":{"line":87,"column":58}},"45":{"start":{"line":92,"column":0},"end":{"line":122,"column":2}},"46":{"start":{"line":93,"column":4},"end":{"line":121,"column":5}},"47":{"start":{"line":94,"column":21},"end":{"line":94,"column":29}},"48":{"start":{"line":95,"column":20},"end":{"line":95,"column":38}},"49":{"start":{"line":97,"column":12},"end":{"line":105,"column":14}},"50":{"start":{"line":98,"column":16},"end":{"line":104,"column":18}},"51":{"start":{"line":99,"column":20},"end":{"line":103,"column":21}},"52":{"start":{"line":100,"column":24},"end":{"line":100,"column":37}},"53":{"start":{"line":102,"column":24},"end":{"line":102,"column":42}},"54":{"start":{"line":108,"column":29},"end":{"line":108,"column":49}},"55":{"start":{"line":110,"column":21},"end":{"line":114,"column":9}},"56":{"start":{"line":115,"column":28},"end":{"line":115,"column":109}},"57":{"start":{"line":116,"column":8},"end":{"line":116,"column":43}},"58":{"start":{"line":117,"column":8},"end":{"line":117,"column":54}},"59":{"start":{"line":119,"column":8},"end":{"line":119,"column":30}},"60":{"start":{"line":120,"column":8},"end":{"line":120,"column":58}},"61":{"start":{"line":124,"column":0},"end":{"line":136,"column":4}},"62":{"start":{"line":125,"column":4},"end":{"line":135,"column":5}},"63":{"start":{"line":127,"column":21},"end":{"line":127,"column":54}},"64":{"start":{"line":128,"column":8},"end":{"line":128,"column":46}},"65":{"start":{"line":129,"column":24},"end":{"line":129,"column":105}},"66":{"start":{"line":130,"column":8},"end":{"line":130,"column":52}},"67":{"start":{"line":131,"column":8},"end":{"line":131,"column":38}},"68":{"start":{"line":134,"column":8},"end":{"line":134,"column":58}},"69":{"start":{"line":138,"column":2},"end":{"line":157,"column":4}},"70":{"start":{"line":139,"column":6},"end":{"line":155,"column":7}},"71":{"start":{"line":140,"column":22},"end":{"line":140,"column":31}},"72":{"start":{"line":141,"column":29},"end":{"line":141,"column":66}},"73":{"start":{"line":142,"column":8},"end":{"line":142,"column":44}},"74":{"start":{"line":144,"column":8},"end":{"line":146,"column":9}},"75":{"start":{"line":145,"column":12},"end":{"line":145,"column":78}},"76":{"start":{"line":147,"column":21},"end":{"line":147,"column":57}},"77":{"start":{"line":148,"column":23},"end":{"line":148,"column":66}},"78":{"start":{"line":149,"column":8},"end":{"line":149,"column":65}},"79":{"start":{"line":149,"column":44},"end":{"line":149,"column":64}},"80":{"start":{"line":150,"column":8},"end":{"line":150,"column":25}},"81":{"start":{"line":151,"column":8},"end":{"line":151,"column":29}},"82":{"start":{"line":154,"column":8},"end":{"line":154,"column":58}},"83":{"start":{"line":159,"column":0},"end":{"line":159,"column":28}}},"fnMap":{"0":{"name":"(anonymous_0)","decl":{"start":{"line":8,"column":21},"end":{"line":8,"column":22}},"loc":{"start":{"line":8,"column":41},"end":{"line":24,"column":1}},"line":8},"1":{"name":"(anonymous_1)","decl":{"start":{"line":26,"column":22},"end":{"line":26,"column":23}},"loc":{"start":{"line":26,"column":42},"end":{"line":59,"column":1}},"line":26},"2":{"name":"(anonymous_2)","decl":{"start":{"line":61,"column":24},"end":{"line":61,"column":25}},"loc":{"start":{"line":61,"column":44},"end":{"line":75,"column":1}},"line":61},"3":{"name":"(anonymous_3)","decl":{"start":{"line":77,"column":24},"end":{"line":77,"column":25}},"loc":{"start":{"line":77,"column":44},"end":{"line":89,"column":1}},"line":77},"4":{"name":"(anonymous_4)","decl":{"start":{"line":92,"column":34},"end":{"line":92,"column":35}},"loc":{"start":{"line":92,"column":54},"end":{"line":122,"column":1}},"line":92},"5":{"name":"promisify","decl":{"start":{"line":96,"column":17},"end":{"line":96,"column":26}},"loc":{"start":{"line":96,"column":32},"end":{"line":106,"column":9}},"line":96},"6":{"name":"(anonymous_6)","decl":{"start":{"line":97,"column":31},"end":{"line":97,"column":32}},"loc":{"start":{"line":97,"column":58},"end":{"line":105,"column":13}},"line":97},"7":{"name":"(anonymous_7)","decl":{"start":{"line":98,"column":43},"end":{"line":98,"column":44}},"loc":{"start":{"line":98,"column":71},"end":{"line":104,"column":17}},"line":98},"8":{"name":"(anonymous_8)","decl":{"start":{"line":124,"column":33},"end":{"line":124,"column":34}},"loc":{"start":{"line":124,"column":53},"end":{"line":136,"column":3}},"line":124},"9":{"name":"(anonymous_9)","decl":{"start":{"line":138,"column":29},"end":{"line":138,"column":30}},"loc":{"start":{"line":138,"column":49},"end":{"line":157,"column":3}},"line":138},"10":{"name":"(anonymous_10)","decl":{"start":{"line":149,"column":39},"end":{"line":149,"column":40}},"loc":{"start":{"line":149,"column":44},"end":{"line":149,"column":64}},"line":149}},"branchMap":{"0":{"loc":{"start":{"line":30,"column":8},"end":{"line":32,"column":9}},"type":"if","locations":[{"start":{"line":30,"column":8},"end":{"line":32,"column":9}},{"start":{"line":30,"column":8},"end":{"line":32,"column":9}}],"line":30},"1":{"loc":{"start":{"line":30,"column":12},"end":{"line":30,"column":40}},"type":"binary-expr","locations":[{"start":{"line":30,"column":12},"end":{"line":30,"column":17}},{"start":{"line":30,"column":21},"end":{"line":30,"column":27}},{"start":{"line":30,"column":31},"end":{"line":30,"column":40}}],"line":30},"2":{"loc":{"start":{"line":37,"column":8},"end":{"line":39,"column":9}},"type":"if","locations":[{"start":{"line":37,"column":8},"end":{"line":39,"column":9}},{"start":{"line":37,"column":8},"end":{"line":39,"column":9}}],"line":37},"3":{"loc":{"start":{"line":37,"column":12},"end":{"line":37,"column":38}},"type":"binary-expr","locations":[{"start":{"line":37,"column":12},"end":{"line":37,"column":18}},{"start":{"line":37,"column":22},"end":{"line":37,"column":38}}],"line":37},"4":{"loc":{"start":{"line":42,"column":72},"end":{"line":42,"column":83}},"type":"binary-expr","locations":[{"start":{"line":42,"column":72},"end":{"line":42,"column":77}},{"start":{"line":42,"column":81},"end":{"line":42,"column":83}}],"line":42},"5":{"loc":{"start":{"line":51,"column":8},"end":{"line":56,"column":9}},"type":"if","locations":[{"start":{"line":51,"column":8},"end":{"line":56,"column":9}},{"start":{"line":51,"column":8},"end":{"line":56,"column":9}}],"line":51},"6":{"loc":{"start":{"line":65,"column":30},"end":{"line":65,"column":57}},"type":"cond-expr","locations":[{"start":{"line":65,"column":38},"end":{"line":65,"column":43}},{"start":{"line":65,"column":46},"end":{"line":65,"column":57}}],"line":65},"7":{"loc":{"start":{"line":66,"column":19},"end":{"line":66,"column":46}},"type":"cond-expr","locations":[{"start":{"line":66,"column":27},"end":{"line":66,"column":32}},{"start":{"line":66,"column":35},"end":{"line":66,"column":46}}],"line":66},"8":{"loc":{"start":{"line":67,"column":21},"end":{"line":67,"column":54}},"type":"cond-expr","locations":[{"start":{"line":67,"column":31},"end":{"line":67,"column":38}},{"start":{"line":67,"column":41},"end":{"line":67,"column":54}}],"line":67},"9":{"loc":{"start":{"line":80,"column":8},"end":{"line":84,"column":11}},"type":"if","locations":[{"start":{"line":80,"column":8},"end":{"line":84,"column":11}},{"start":{"line":80,"column":8},"end":{"line":84,"column":11}}],"line":80},"10":{"loc":{"start":{"line":99,"column":20},"end":{"line":103,"column":21}},"type":"if","locations":[{"start":{"line":99,"column":20},"end":{"line":103,"column":21}},{"start":{"line":99,"column":20},"end":{"line":103,"column":21}}],"line":99},"11":{"loc":{"start":{"line":144,"column":8},"end":{"line":146,"column":9}},"type":"if","locations":[{"start":{"line":144,"column":8},"end":{"line":146,"column":9}},{"start":{"line":144,"column":8},"end":{"line":146,"column":9}}],"line":144},"12":{"loc":{"start":{"line":144,"column":12},"end":{"line":144,"column":38}},"type":"binary-expr","locations":[{"start":{"line":144,"column":12},"end":{"line":144,"column":18}},{"start":{"line":144,"column":22},"end":{"line":144,"column":38}}],"line":144}},"s":{"0":1,"1":1,"2":1,"3":1,"4":1,"5":1,"6":1,"7":1,"8":1,"9":1,"10":2,"11":2,"12":2,"13":1,"14":1,"15":1,"16":1,"17":1,"18":0,"19":1,"20":1,"21":1,"22":1,"23":1,"24":1,"25":1,"26":0,"27":0,"28":0,"29":0,"30":1,"31":2,"32":2,"33":2,"34":1,"35":1,"36":1,"37":1,"38":1,"39":3,"40":3,"41":2,"42":1,"43":1,"44":1,"45":1,"46":2,"47":2,"48":2,"49":2,"50":2,"51":2,"52":0,"53":2,"54":2,"55":2,"56":2,"57":1,"58":1,"59":1,"60":1,"61":1,"62":2,"63":2,"64":2,"65":2,"66":1,"67":1,"68":1,"69":1,"70":1,"71":1,"72":1,"73":1,"74":1,"75":0,"76":1,"77":1,"78":1,"79":60,"80":1,"81":1,"82":0,"83":1},"f":{"0":1,"1":2,"2":2,"3":3,"4":2,"5":2,"6":2,"7":2,"8":2,"9":1,"10":60},"b":{"0":[1,1],"1":[2,1,1],"2":[0,1],"3":[1,1],"4":[1,1],"5":[0,0],"6":[1,0],"7":[1,0],"8":[0,1],"9":[1,1],"10":[0,2],"11":[0,1],"12":[1,1]},"_coverageSchema":"332fd63041d2c1bcb487cc26dd0d5f7d97098a6c","hash":"5b232d36cb0bada33aa9525f2c7bc4cee442bb1c"}
,"/Users/Masavain/FullStackharkka/back/controllers/images.js": {"path":"/Users/Masavain/FullStackharkka/back/controllers/images.js","statementMap":{"0":{"start":{"line":1,"column":21},"end":{"line":1,"column":48}},"1":{"start":{"line":2,"column":12},"end":{"line":2,"column":35}},"2":{"start":{"line":3,"column":13},"end":{"line":3,"column":38}},"3":{"start":{"line":4,"column":14},"end":{"line":4,"column":40}},"4":{"start":{"line":5,"column":13},"end":{"line":5,"column":38}},"5":{"start":{"line":6,"column":14},"end":{"line":6,"column":40}},"6":{"start":{"line":7,"column":13},"end":{"line":7,"column":38}},"7":{"start":{"line":9,"column":0},"end":{"line":15,"column":2}},"8":{"start":{"line":10,"column":19},"end":{"line":13,"column":26}},"9":{"start":{"line":14,"column":4},"end":{"line":14,"column":20}},"10":{"start":{"line":17,"column":0},"end":{"line":25,"column":2}},"11":{"start":{"line":18,"column":4},"end":{"line":24,"column":5}},"12":{"start":{"line":19,"column":22},"end":{"line":19,"column":92}},"13":{"start":{"line":20,"column":8},"end":{"line":20,"column":23}},"14":{"start":{"line":22,"column":8},"end":{"line":22,"column":26}},"15":{"start":{"line":23,"column":8},"end":{"line":23,"column":58}},"16":{"start":{"line":28,"column":0},"end":{"line":68,"column":2}},"17":{"start":{"line":29,"column":88},"end":{"line":29,"column":96}},"18":{"start":{"line":31,"column":4},"end":{"line":67,"column":5}},"19":{"start":{"line":32,"column":22},"end":{"line":32,"column":31}},"20":{"start":{"line":33,"column":29},"end":{"line":33,"column":66}},"21":{"start":{"line":34,"column":8},"end":{"line":34,"column":44}},"22":{"start":{"line":36,"column":8},"end":{"line":38,"column":9}},"23":{"start":{"line":37,"column":12},"end":{"line":37,"column":78}},"24":{"start":{"line":39,"column":21},"end":{"line":39,"column":57}},"25":{"start":{"line":40,"column":21},"end":{"line":40,"column":48}},"26":{"start":{"line":42,"column":22},"end":{"line":42,"column":132}},"27":{"start":{"line":43,"column":23},"end":{"line":43,"column":41}},"28":{"start":{"line":44,"column":8},"end":{"line":44,"column":26}},"29":{"start":{"line":45,"column":8},"end":{"line":45,"column":26}},"30":{"start":{"line":46,"column":8},"end":{"line":48,"column":9}},"31":{"start":{"line":47,"column":12},"end":{"line":47,"column":44}},"32":{"start":{"line":49,"column":8},"end":{"line":51,"column":9}},"33":{"start":{"line":50,"column":12},"end":{"line":50,"column":35}},"34":{"start":{"line":52,"column":8},"end":{"line":54,"column":9}},"35":{"start":{"line":53,"column":12},"end":{"line":53,"column":57}},"36":{"start":{"line":55,"column":8},"end":{"line":55,"column":51}},"37":{"start":{"line":56,"column":8},"end":{"line":56,"column":25}},"38":{"start":{"line":57,"column":8},"end":{"line":57,"column":25}},"39":{"start":{"line":58,"column":8},"end":{"line":58,"column":36}},"40":{"start":{"line":61,"column":8},"end":{"line":66,"column":9}},"41":{"start":{"line":62,"column":12},"end":{"line":62,"column":62}},"42":{"start":{"line":64,"column":12},"end":{"line":64,"column":34}},"43":{"start":{"line":65,"column":12},"end":{"line":65,"column":70}},"44":{"start":{"line":70,"column":0},"end":{"line":102,"column":2}},"45":{"start":{"line":71,"column":89},"end":{"line":71,"column":97}},"46":{"start":{"line":73,"column":4},"end":{"line":101,"column":5}},"47":{"start":{"line":74,"column":22},"end":{"line":74,"column":31}},"48":{"start":{"line":75,"column":29},"end":{"line":75,"column":66}},"49":{"start":{"line":76,"column":8},"end":{"line":76,"column":44}},"50":{"start":{"line":78,"column":8},"end":{"line":80,"column":9}},"51":{"start":{"line":79,"column":12},"end":{"line":79,"column":78}},"52":{"start":{"line":81,"column":21},"end":{"line":81,"column":57}},"53":{"start":{"line":82,"column":22},"end":{"line":82,"column":51}},"54":{"start":{"line":84,"column":22},"end":{"line":84,"column":132}},"55":{"start":{"line":85,"column":23},"end":{"line":85,"column":41}},"56":{"start":{"line":86,"column":8},"end":{"line":86,"column":26}},"57":{"start":{"line":87,"column":8},"end":{"line":87,"column":28}},"58":{"start":{"line":88,"column":8},"end":{"line":88,"column":34}},"59":{"start":{"line":89,"column":8},"end":{"line":89,"column":51}},"60":{"start":{"line":90,"column":8},"end":{"line":90,"column":26}},"61":{"start":{"line":91,"column":8},"end":{"line":91,"column":25}},"62":{"start":{"line":92,"column":8},"end":{"line":92,"column":36}},"63":{"start":{"line":95,"column":8},"end":{"line":100,"column":9}},"64":{"start":{"line":96,"column":12},"end":{"line":96,"column":62}},"65":{"start":{"line":98,"column":12},"end":{"line":98,"column":34}},"66":{"start":{"line":99,"column":12},"end":{"line":99,"column":70}},"67":{"start":{"line":104,"column":0},"end":{"line":136,"column":2}},"68":{"start":{"line":105,"column":88},"end":{"line":105,"column":96}},"69":{"start":{"line":107,"column":4},"end":{"line":135,"column":5}},"70":{"start":{"line":108,"column":22},"end":{"line":108,"column":31}},"71":{"start":{"line":109,"column":29},"end":{"line":109,"column":66}},"72":{"start":{"line":110,"column":8},"end":{"line":110,"column":44}},"73":{"start":{"line":112,"column":8},"end":{"line":114,"column":9}},"74":{"start":{"line":113,"column":12},"end":{"line":113,"column":78}},"75":{"start":{"line":115,"column":21},"end":{"line":115,"column":57}},"76":{"start":{"line":116,"column":21},"end":{"line":116,"column":48}},"77":{"start":{"line":118,"column":22},"end":{"line":118,"column":130}},"78":{"start":{"line":119,"column":23},"end":{"line":119,"column":41}},"79":{"start":{"line":120,"column":8},"end":{"line":120,"column":26}},"80":{"start":{"line":121,"column":8},"end":{"line":121,"column":26}},"81":{"start":{"line":122,"column":8},"end":{"line":122,"column":51}},"82":{"start":{"line":123,"column":8},"end":{"line":123,"column":51}},"83":{"start":{"line":124,"column":8},"end":{"line":124,"column":25}},"84":{"start":{"line":125,"column":8},"end":{"line":125,"column":25}},"85":{"start":{"line":126,"column":8},"end":{"line":126,"column":36}},"86":{"start":{"line":129,"column":8},"end":{"line":134,"column":9}},"87":{"start":{"line":130,"column":12},"end":{"line":130,"column":62}},"88":{"start":{"line":132,"column":12},"end":{"line":132,"column":34}},"89":{"start":{"line":133,"column":12},"end":{"line":133,"column":70}},"90":{"start":{"line":138,"column":0},"end":{"line":138,"column":29}}},"fnMap":{"0":{"name":"(anonymous_0)","decl":{"start":{"line":9,"column":22},"end":{"line":9,"column":23}},"loc":{"start":{"line":9,"column":42},"end":{"line":15,"column":1}},"line":9},"1":{"name":"(anonymous_1)","decl":{"start":{"line":17,"column":25},"end":{"line":17,"column":26}},"loc":{"start":{"line":17,"column":45},"end":{"line":25,"column":1}},"line":17},"2":{"name":"(anonymous_2)","decl":{"start":{"line":28,"column":23},"end":{"line":28,"column":24}},"loc":{"start":{"line":28,"column":43},"end":{"line":68,"column":1}},"line":28},"3":{"name":"(anonymous_3)","decl":{"start":{"line":70,"column":31},"end":{"line":70,"column":32}},"loc":{"start":{"line":70,"column":51},"end":{"line":102,"column":1}},"line":70},"4":{"name":"(anonymous_4)","decl":{"start":{"line":104,"column":32},"end":{"line":104,"column":33}},"loc":{"start":{"line":104,"column":52},"end":{"line":136,"column":1}},"line":104}},"branchMap":{"0":{"loc":{"start":{"line":36,"column":8},"end":{"line":38,"column":9}},"type":"if","locations":[{"start":{"line":36,"column":8},"end":{"line":38,"column":9}},{"start":{"line":36,"column":8},"end":{"line":38,"column":9}}],"line":36},"1":{"loc":{"start":{"line":36,"column":12},"end":{"line":36,"column":38}},"type":"binary-expr","locations":[{"start":{"line":36,"column":12},"end":{"line":36,"column":18}},{"start":{"line":36,"column":22},"end":{"line":36,"column":38}}],"line":36},"2":{"loc":{"start":{"line":46,"column":8},"end":{"line":48,"column":9}},"type":"if","locations":[{"start":{"line":46,"column":8},"end":{"line":48,"column":9}},{"start":{"line":46,"column":8},"end":{"line":48,"column":9}}],"line":46},"3":{"loc":{"start":{"line":49,"column":8},"end":{"line":51,"column":9}},"type":"if","locations":[{"start":{"line":49,"column":8},"end":{"line":51,"column":9}},{"start":{"line":49,"column":8},"end":{"line":51,"column":9}}],"line":49},"4":{"loc":{"start":{"line":52,"column":8},"end":{"line":54,"column":9}},"type":"if","locations":[{"start":{"line":52,"column":8},"end":{"line":54,"column":9}},{"start":{"line":52,"column":8},"end":{"line":54,"column":9}}],"line":52},"5":{"loc":{"start":{"line":61,"column":8},"end":{"line":66,"column":9}},"type":"if","locations":[{"start":{"line":61,"column":8},"end":{"line":66,"column":9}},{"start":{"line":61,"column":8},"end":{"line":66,"column":9}}],"line":61},"6":{"loc":{"start":{"line":78,"column":8},"end":{"line":80,"column":9}},"type":"if","locations":[{"start":{"line":78,"column":8},"end":{"line":80,"column":9}},{"start":{"line":78,"column":8},"end":{"line":80,"column":9}}],"line":78},"7":{"loc":{"start":{"line":78,"column":12},"end":{"line":78,"column":38}},"type":"binary-expr","locations":[{"start":{"line":78,"column":12},"end":{"line":78,"column":18}},{"start":{"line":78,"column":22},"end":{"line":78,"column":38}}],"line":78},"8":{"loc":{"start":{"line":95,"column":8},"end":{"line":100,"column":9}},"type":"if","locations":[{"start":{"line":95,"column":8},"end":{"line":100,"column":9}},{"start":{"line":95,"column":8},"end":{"line":100,"column":9}}],"line":95},"9":{"loc":{"start":{"line":112,"column":8},"end":{"line":114,"column":9}},"type":"if","locations":[{"start":{"line":112,"column":8},"end":{"line":114,"column":9}},{"start":{"line":112,"column":8},"end":{"line":114,"column":9}}],"line":112},"10":{"loc":{"start":{"line":112,"column":12},"end":{"line":112,"column":38}},"type":"binary-expr","locations":[{"start":{"line":112,"column":12},"end":{"line":112,"column":18}},{"start":{"line":112,"column":22},"end":{"line":112,"column":38}}],"line":112},"11":{"loc":{"start":{"line":129,"column":8},"end":{"line":134,"column":9}},"type":"if","locations":[{"start":{"line":129,"column":8},"end":{"line":134,"column":9}},{"start":{"line":129,"column":8},"end":{"line":134,"column":9}}],"line":129}},"s":{"0":1,"1":1,"2":1,"3":1,"4":1,"5":1,"6":1,"7":1,"8":0,"9":0,"10":1,"11":0,"12":0,"13":0,"14":0,"15":0,"16":1,"17":0,"18":0,"19":0,"20":0,"21":0,"22":0,"23":0,"24":0,"25":0,"26":0,"27":0,"28":0,"29":0,"30":0,"31":0,"32":0,"33":0,"34":0,"35":0,"36":0,"37":0,"38":0,"39":0,"40":0,"41":0,"42":0,"43":0,"44":1,"45":0,"46":0,"47":0,"48":0,"49":0,"50":0,"51":0,"52":0,"53":0,"54":0,"55":0,"56":0,"57":0,"58":0,"59":0,"60":0,"61":0,"62":0,"63":0,"64":0,"65":0,"66":0,"67":1,"68":0,"69":0,"70":0,"71":0,"72":0,"73":0,"74":0,"75":0,"76":0,"77":0,"78":0,"79":0,"80":0,"81":0,"82":0,"83":0,"84":0,"85":0,"86":0,"87":0,"88":0,"89":0,"90":1},"f":{"0":0,"1":0,"2":0,"3":0,"4":0},"b":{"0":[0,0],"1":[0,0],"2":[0,0],"3":[0,0],"4":[0,0],"5":[0,0],"6":[0,0],"7":[0,0],"8":[0,0],"9":[0,0],"10":[0,0],"11":[0,0]},"_coverageSchema":"332fd63041d2c1bcb487cc26dd0d5f7d97098a6c","hash":"c30a6e199941753fdc1c6e16ab6da6cdc4fe6e5f"}
,"/Users/Masavain/FullStackharkka/back/controllers/login.js": {"path":"/Users/Masavain/FullStackharkka/back/controllers/login.js","statementMap":{"0":{"start":{"line":1,"column":12},"end":{"line":1,"column":35}},"1":{"start":{"line":2,"column":15},"end":{"line":2,"column":32}},"2":{"start":{"line":3,"column":20},"end":{"line":3,"column":47}},"3":{"start":{"line":4,"column":13},"end":{"line":4,"column":38}},"4":{"start":{"line":6,"column":0},"end":{"line":27,"column":2}},"5":{"start":{"line":7,"column":15},"end":{"line":7,"column":23}},"6":{"start":{"line":9,"column":15},"end":{"line":9,"column":62}},"7":{"start":{"line":10,"column":26},"end":{"line":12,"column":58}},"8":{"start":{"line":14,"column":2},"end":{"line":16,"column":3}},"9":{"start":{"line":15,"column":4},"end":{"line":15,"column":74}},"10":{"start":{"line":18,"column":23},"end":{"line":21,"column":3}},"11":{"start":{"line":23,"column":16},"end":{"line":23,"column":58}},"12":{"start":{"line":25,"column":2},"end":{"line":26,"column":77}},"13":{"start":{"line":29,"column":0},"end":{"line":29,"column":28}}},"fnMap":{"0":{"name":"(anonymous_0)","decl":{"start":{"line":6,"column":22},"end":{"line":6,"column":23}},"loc":{"start":{"line":6,"column":42},"end":{"line":27,"column":1}},"line":6}},"branchMap":{"0":{"loc":{"start":{"line":10,"column":26},"end":{"line":12,"column":58}},"type":"cond-expr","locations":[{"start":{"line":11,"column":4},"end":{"line":11,"column":9}},{"start":{"line":12,"column":4},"end":{"line":12,"column":58}}],"line":10},"1":{"loc":{"start":{"line":14,"column":2},"end":{"line":16,"column":3}},"type":"if","locations":[{"start":{"line":14,"column":2},"end":{"line":16,"column":3}},{"start":{"line":14,"column":2},"end":{"line":16,"column":3}}],"line":14},"2":{"loc":{"start":{"line":14,"column":9},"end":{"line":14,"column":32}},"type":"binary-expr","locations":[{"start":{"line":14,"column":9},"end":{"line":14,"column":13}},{"start":{"line":14,"column":17},"end":{"line":14,"column":32}}],"line":14}},"s":{"0":1,"1":1,"2":1,"3":1,"4":1,"5":1,"6":1,"7":1,"8":1,"9":0,"10":1,"11":1,"12":1,"13":1},"f":{"0":1},"b":{"0":[0,1],"1":[0,1],"2":[1,1]},"_coverageSchema":"332fd63041d2c1bcb487cc26dd0d5f7d97098a6c","hash":"bb73a166d385dd30519b63b5689ce7e56c53b07c"}
,"/Users/Masavain/FullStackharkka/back/controllers/posts.js": {"path":"/Users/Masavain/FullStackharkka/back/controllers/posts.js","statementMap":{"0":{"start":{"line":1,"column":20},"end":{"line":1,"column":47}},"1":{"start":{"line":2,"column":12},"end":{"line":2,"column":35}},"2":{"start":{"line":3,"column":13},"end":{"line":3,"column":38}},"3":{"start":{"line":4,"column":14},"end":{"line":4,"column":40}},"4":{"start":{"line":5,"column":13},"end":{"line":5,"column":38}},"5":{"start":{"line":6,"column":14},"end":{"line":6,"column":40}},"6":{"start":{"line":7,"column":13},"end":{"line":7,"column":38}},"7":{"start":{"line":9,"column":0},"end":{"line":15,"column":2}},"8":{"start":{"line":10,"column":18},"end":{"line":13,"column":25}},"9":{"start":{"line":14,"column":4},"end":{"line":14,"column":19}},"10":{"start":{"line":17,"column":0},"end":{"line":25,"column":2}},"11":{"start":{"line":18,"column":4},"end":{"line":24,"column":5}},"12":{"start":{"line":19,"column":21},"end":{"line":19,"column":91}},"13":{"start":{"line":20,"column":8},"end":{"line":20,"column":35}},"14":{"start":{"line":22,"column":8},"end":{"line":22,"column":26}},"15":{"start":{"line":23,"column":8},"end":{"line":23,"column":58}},"16":{"start":{"line":27,"column":0},"end":{"line":69,"column":4}},"17":{"start":{"line":28,"column":17},"end":{"line":28,"column":25}},"18":{"start":{"line":30,"column":4},"end":{"line":68,"column":5}},"19":{"start":{"line":31,"column":20},"end":{"line":31,"column":29}},"20":{"start":{"line":32,"column":27},"end":{"line":32,"column":64}},"21":{"start":{"line":34,"column":6},"end":{"line":36,"column":7}},"22":{"start":{"line":35,"column":8},"end":{"line":35,"column":74}},"23":{"start":{"line":38,"column":6},"end":{"line":40,"column":7}},"24":{"start":{"line":39,"column":8},"end":{"line":39,"column":65}},"25":{"start":{"line":42,"column":19},"end":{"line":42,"column":55}},"26":{"start":{"line":43,"column":6},"end":{"line":45,"column":7}},"27":{"start":{"line":44,"column":8},"end":{"line":44,"column":62}},"28":{"start":{"line":47,"column":19},"end":{"line":54,"column":8}},"29":{"start":{"line":56,"column":20},"end":{"line":56,"column":37}},"30":{"start":{"line":57,"column":6},"end":{"line":57,"column":47}},"31":{"start":{"line":58,"column":6},"end":{"line":58,"column":23}},"32":{"start":{"line":60,"column":6},"end":{"line":60,"column":34}},"33":{"start":{"line":62,"column":6},"end":{"line":67,"column":7}},"34":{"start":{"line":63,"column":8},"end":{"line":63,"column":58}},"35":{"start":{"line":65,"column":8},"end":{"line":65,"column":30}},"36":{"start":{"line":66,"column":8},"end":{"line":66,"column":66}},"37":{"start":{"line":71,"column":2},"end":{"line":101,"column":4}},"38":{"start":{"line":72,"column":17},"end":{"line":72,"column":25}},"39":{"start":{"line":74,"column":4},"end":{"line":100,"column":5}},"40":{"start":{"line":75,"column":22},"end":{"line":75,"column":31}},"41":{"start":{"line":76,"column":29},"end":{"line":76,"column":66}},"42":{"start":{"line":78,"column":8},"end":{"line":80,"column":9}},"43":{"start":{"line":79,"column":12},"end":{"line":79,"column":78}},"44":{"start":{"line":82,"column":8},"end":{"line":84,"column":9}},"45":{"start":{"line":83,"column":12},"end":{"line":83,"column":69}},"46":{"start":{"line":86,"column":21},"end":{"line":86,"column":57}},"47":{"start":{"line":87,"column":8},"end":{"line":89,"column":9}},"48":{"start":{"line":88,"column":12},"end":{"line":88,"column":66}},"49":{"start":{"line":90,"column":28},"end":{"line":90,"column":36}},"50":{"start":{"line":91,"column":22},"end":{"line":91,"column":56}},"51":{"start":{"line":92,"column":21},"end":{"line":92,"column":32}},"52":{"start":{"line":93,"column":8},"end":{"line":93,"column":35}},"53":{"start":{"line":94,"column":24},"end":{"line":94,"column":124}},"54":{"start":{"line":95,"column":8},"end":{"line":95,"column":38}},"55":{"start":{"line":98,"column":8},"end":{"line":98,"column":26}},"56":{"start":{"line":99,"column":8},"end":{"line":99,"column":58}},"57":{"start":{"line":103,"column":2},"end":{"line":125,"column":2}},"58":{"start":{"line":104,"column":17},"end":{"line":104,"column":25}},"59":{"start":{"line":106,"column":4},"end":{"line":124,"column":5}},"60":{"start":{"line":107,"column":22},"end":{"line":107,"column":31}},"61":{"start":{"line":108,"column":29},"end":{"line":108,"column":66}},"62":{"start":{"line":109,"column":8},"end":{"line":111,"column":9}},"63":{"start":{"line":110,"column":12},"end":{"line":110,"column":78}},"64":{"start":{"line":112,"column":21},"end":{"line":112,"column":57}},"65":{"start":{"line":113,"column":8},"end":{"line":115,"column":9}},"66":{"start":{"line":114,"column":12},"end":{"line":114,"column":66}},"67":{"start":{"line":116,"column":23},"end":{"line":116,"column":66}},"68":{"start":{"line":117,"column":8},"end":{"line":117,"column":65}},"69":{"start":{"line":117,"column":44},"end":{"line":117,"column":64}},"70":{"start":{"line":118,"column":8},"end":{"line":118,"column":25}},"71":{"start":{"line":119,"column":8},"end":{"line":119,"column":27}},"72":{"start":{"line":120,"column":8},"end":{"line":120,"column":29}},"73":{"start":{"line":122,"column":8},"end":{"line":122,"column":26}},"74":{"start":{"line":123,"column":8},"end":{"line":123,"column":58}},"75":{"start":{"line":128,"column":0},"end":{"line":128,"column":28}}},"fnMap":{"0":{"name":"(anonymous_0)","decl":{"start":{"line":9,"column":21},"end":{"line":9,"column":22}},"loc":{"start":{"line":9,"column":41},"end":{"line":15,"column":1}},"line":9},"1":{"name":"(anonymous_1)","decl":{"start":{"line":17,"column":24},"end":{"line":17,"column":25}},"loc":{"start":{"line":17,"column":44},"end":{"line":25,"column":1}},"line":17},"2":{"name":"(anonymous_2)","decl":{"start":{"line":27,"column":22},"end":{"line":27,"column":23}},"loc":{"start":{"line":27,"column":42},"end":{"line":69,"column":3}},"line":27},"3":{"name":"(anonymous_3)","decl":{"start":{"line":71,"column":26},"end":{"line":71,"column":27}},"loc":{"start":{"line":71,"column":46},"end":{"line":101,"column":3}},"line":71},"4":{"name":"(anonymous_4)","decl":{"start":{"line":103,"column":29},"end":{"line":103,"column":30}},"loc":{"start":{"line":103,"column":49},"end":{"line":125,"column":1}},"line":103},"5":{"name":"(anonymous_5)","decl":{"start":{"line":117,"column":39},"end":{"line":117,"column":40}},"loc":{"start":{"line":117,"column":44},"end":{"line":117,"column":64}},"line":117}},"branchMap":{"0":{"loc":{"start":{"line":34,"column":6},"end":{"line":36,"column":7}},"type":"if","locations":[{"start":{"line":34,"column":6},"end":{"line":36,"column":7}},{"start":{"line":34,"column":6},"end":{"line":36,"column":7}}],"line":34},"1":{"loc":{"start":{"line":34,"column":10},"end":{"line":34,"column":36}},"type":"binary-expr","locations":[{"start":{"line":34,"column":10},"end":{"line":34,"column":16}},{"start":{"line":34,"column":20},"end":{"line":34,"column":36}}],"line":34},"2":{"loc":{"start":{"line":38,"column":6},"end":{"line":40,"column":7}},"type":"if","locations":[{"start":{"line":38,"column":6},"end":{"line":40,"column":7}},{"start":{"line":38,"column":6},"end":{"line":40,"column":7}}],"line":38},"3":{"loc":{"start":{"line":43,"column":6},"end":{"line":45,"column":7}},"type":"if","locations":[{"start":{"line":43,"column":6},"end":{"line":45,"column":7}},{"start":{"line":43,"column":6},"end":{"line":45,"column":7}}],"line":43},"4":{"loc":{"start":{"line":49,"column":17},"end":{"line":49,"column":49}},"type":"cond-expr","locations":[{"start":{"line":49,"column":32},"end":{"line":49,"column":44}},{"start":{"line":49,"column":47},"end":{"line":49,"column":49}}],"line":49},"5":{"loc":{"start":{"line":52,"column":16},"end":{"line":52,"column":53}},"type":"cond-expr","locations":[{"start":{"line":52,"column":30},"end":{"line":52,"column":41}},{"start":{"line":52,"column":44},"end":{"line":52,"column":53}}],"line":52},"6":{"loc":{"start":{"line":62,"column":6},"end":{"line":67,"column":7}},"type":"if","locations":[{"start":{"line":62,"column":6},"end":{"line":67,"column":7}},{"start":{"line":62,"column":6},"end":{"line":67,"column":7}}],"line":62},"7":{"loc":{"start":{"line":78,"column":8},"end":{"line":80,"column":9}},"type":"if","locations":[{"start":{"line":78,"column":8},"end":{"line":80,"column":9}},{"start":{"line":78,"column":8},"end":{"line":80,"column":9}}],"line":78},"8":{"loc":{"start":{"line":78,"column":12},"end":{"line":78,"column":38}},"type":"binary-expr","locations":[{"start":{"line":78,"column":12},"end":{"line":78,"column":18}},{"start":{"line":78,"column":22},"end":{"line":78,"column":38}}],"line":78},"9":{"loc":{"start":{"line":82,"column":8},"end":{"line":84,"column":9}},"type":"if","locations":[{"start":{"line":82,"column":8},"end":{"line":84,"column":9}},{"start":{"line":82,"column":8},"end":{"line":84,"column":9}}],"line":82},"10":{"loc":{"start":{"line":87,"column":8},"end":{"line":89,"column":9}},"type":"if","locations":[{"start":{"line":87,"column":8},"end":{"line":89,"column":9}},{"start":{"line":87,"column":8},"end":{"line":89,"column":9}}],"line":87},"11":{"loc":{"start":{"line":109,"column":8},"end":{"line":111,"column":9}},"type":"if","locations":[{"start":{"line":109,"column":8},"end":{"line":111,"column":9}},{"start":{"line":109,"column":8},"end":{"line":111,"column":9}}],"line":109},"12":{"loc":{"start":{"line":109,"column":12},"end":{"line":109,"column":38}},"type":"binary-expr","locations":[{"start":{"line":109,"column":12},"end":{"line":109,"column":18}},{"start":{"line":109,"column":22},"end":{"line":109,"column":38}}],"line":109},"13":{"loc":{"start":{"line":113,"column":8},"end":{"line":115,"column":9}},"type":"if","locations":[{"start":{"line":113,"column":8},"end":{"line":115,"column":9}},{"start":{"line":113,"column":8},"end":{"line":115,"column":9}}],"line":113}},"s":{"0":1,"1":1,"2":1,"3":1,"4":1,"5":1,"6":1,"7":1,"8":0,"9":0,"10":1,"11":0,"12":0,"13":0,"14":0,"15":0,"16":1,"17":0,"18":0,"19":0,"20":0,"21":0,"22":0,"23":0,"24":0,"25":0,"26":0,"27":0,"28":0,"29":0,"30":0,"31":0,"32":0,"33":0,"34":0,"35":0,"36":0,"37":1,"38":0,"39":0,"40":0,"41":0,"42":0,"43":0,"44":0,"45":0,"46":0,"47":0,"48":0,"49":0,"50":0,"51":0,"52":0,"53":0,"54":0,"55":0,"56":0,"57":1,"58":0,"59":0,"60":0,"61":0,"62":0,"63":0,"64":0,"65":0,"66":0,"67":0,"68":0,"69":0,"70":0,"71":0,"72":0,"73":0,"74":0,"75":1},"f":{"0":0,"1":0,"2":0,"3":0,"4":0,"5":0},"b":{"0":[0,0],"1":[0,0],"2":[0,0],"3":[0,0],"4":[0,0],"5":[0,0],"6":[0,0],"7":[0,0],"8":[0,0],"9":[0,0],"10":[0,0],"11":[0,0],"12":[0,0],"13":[0,0]},"_coverageSchema":"332fd63041d2c1bcb487cc26dd0d5f7d97098a6c","hash":"7333ba0711de60da131ff6d0d433962194b5339a"}
,"/Users/Masavain/FullStackharkka/back/controllers/users.js": {"path":"/Users/Masavain/FullStackharkka/back/controllers/users.js","statementMap":{"0":{"start":{"line":1,"column":20},"end":{"line":1,"column":47}},"1":{"start":{"line":2,"column":12},"end":{"line":2,"column":35}},"2":{"start":{"line":3,"column":13},"end":{"line":3,"column":38}},"3":{"start":{"line":4,"column":15},"end":{"line":4,"column":32}},"4":{"start":{"line":6,"column":0},"end":{"line":12,"column":2}},"5":{"start":{"line":7,"column":18},"end":{"line":10,"column":26}},"6":{"start":{"line":11,"column":4},"end":{"line":11,"column":36}},"7":{"start":{"line":14,"column":0},"end":{"line":23,"column":2}},"8":{"start":{"line":15,"column":4},"end":{"line":22,"column":5}},"9":{"start":{"line":16,"column":21},"end":{"line":16,"column":92}},"10":{"start":{"line":17,"column":8},"end":{"line":17,"column":35}},"11":{"start":{"line":20,"column":8},"end":{"line":20,"column":26}},"12":{"start":{"line":21,"column":8},"end":{"line":21,"column":58}},"13":{"start":{"line":25,"column":0},"end":{"line":52,"column":2}},"14":{"start":{"line":26,"column":17},"end":{"line":26,"column":25}},"15":{"start":{"line":27,"column":4},"end":{"line":51,"column":5}},"16":{"start":{"line":28,"column":29},"end":{"line":28,"column":73}},"17":{"start":{"line":29,"column":8},"end":{"line":31,"column":9}},"18":{"start":{"line":30,"column":12},"end":{"line":30,"column":108}},"19":{"start":{"line":32,"column":8},"end":{"line":34,"column":9}},"20":{"start":{"line":33,"column":12},"end":{"line":33,"column":77}},"21":{"start":{"line":36,"column":27},"end":{"line":36,"column":29}},"22":{"start":{"line":37,"column":29},"end":{"line":37,"column":73}},"23":{"start":{"line":38,"column":21},"end":{"line":43,"column":10}},"24":{"start":{"line":45,"column":26},"end":{"line":45,"column":43}},"25":{"start":{"line":47,"column":8},"end":{"line":47,"column":27}},"26":{"start":{"line":49,"column":8},"end":{"line":49,"column":30}},"27":{"start":{"line":50,"column":8},"end":{"line":50,"column":66}},"28":{"start":{"line":54,"column":0},"end":{"line":54,"column":28}}},"fnMap":{"0":{"name":"(anonymous_0)","decl":{"start":{"line":6,"column":21},"end":{"line":6,"column":22}},"loc":{"start":{"line":6,"column":41},"end":{"line":12,"column":1}},"line":6},"1":{"name":"(anonymous_1)","decl":{"start":{"line":14,"column":24},"end":{"line":14,"column":25}},"loc":{"start":{"line":14,"column":44},"end":{"line":23,"column":1}},"line":14},"2":{"name":"(anonymous_2)","decl":{"start":{"line":25,"column":22},"end":{"line":25,"column":23}},"loc":{"start":{"line":25,"column":42},"end":{"line":52,"column":1}},"line":25}},"branchMap":{"0":{"loc":{"start":{"line":29,"column":8},"end":{"line":31,"column":9}},"type":"if","locations":[{"start":{"line":29,"column":8},"end":{"line":31,"column":9}},{"start":{"line":29,"column":8},"end":{"line":31,"column":9}}],"line":29},"1":{"loc":{"start":{"line":32,"column":8},"end":{"line":34,"column":9}},"type":"if","locations":[{"start":{"line":32,"column":8},"end":{"line":34,"column":9}},{"start":{"line":32,"column":8},"end":{"line":34,"column":9}}],"line":32}},"s":{"0":1,"1":1,"2":1,"3":1,"4":1,"5":1,"6":1,"7":1,"8":1,"9":1,"10":1,"11":0,"12":0,"13":1,"14":0,"15":0,"16":0,"17":0,"18":0,"19":0,"20":0,"21":0,"22":0,"23":0,"24":0,"25":0,"26":0,"27":0,"28":1},"f":{"0":1,"1":1,"2":0},"b":{"0":[0,0],"1":[0,0]},"_coverageSchema":"332fd63041d2c1bcb487cc26dd0d5f7d97098a6c","hash":"3538458360295a0563ecc4945cf8967283169a55"}
,"/Users/Masavain/FullStackharkka/back/models/album.js": {"path":"/Users/Masavain/FullStackharkka/back/models/album.js","statementMap":{"0":{"start":{"line":1,"column":17},"end":{"line":1,"column":36}},"1":{"start":{"line":3,"column":20},"end":{"line":12,"column":2}},"2":{"start":{"line":14,"column":0},"end":{"line":26,"column":1}},"3":{"start":{"line":15,"column":2},"end":{"line":25,"column":3}},"4":{"start":{"line":28,"column":14},"end":{"line":28,"column":50}},"5":{"start":{"line":30,"column":0},"end":{"line":30,"column":22}}},"fnMap":{"0":{"name":"(anonymous_0)","decl":{"start":{"line":14,"column":29},"end":{"line":14,"column":30}},"loc":{"start":{"line":14,"column":40},"end":{"line":26,"column":1}},"line":14}},"branchMap":{},"s":{"0":1,"1":1,"2":1,"3":0,"4":1,"5":1},"f":{"0":0},"b":{},"_coverageSchema":"332fd63041d2c1bcb487cc26dd0d5f7d97098a6c","hash":"9f89af22c33b77eb6b5263d1fa8dc56d10debde7"}
,"/Users/Masavain/FullStackharkka/back/models/band.js": {"path":"/Users/Masavain/FullStackharkka/back/models/band.js","statementMap":{"0":{"start":{"line":1,"column":17},"end":{"line":1,"column":36}},"1":{"start":{"line":3,"column":19},"end":{"line":19,"column":2}},"2":{"start":{"line":21,"column":0},"end":{"line":38,"column":1}},"3":{"start":{"line":22,"column":2},"end":{"line":37,"column":3}},"4":{"start":{"line":40,"column":13},"end":{"line":40,"column":47}},"5":{"start":{"line":42,"column":0},"end":{"line":42,"column":21}}},"fnMap":{"0":{"name":"(anonymous_0)","decl":{"start":{"line":21,"column":28},"end":{"line":21,"column":29}},"loc":{"start":{"line":21,"column":38},"end":{"line":38,"column":1}},"line":21}},"branchMap":{},"s":{"0":1,"1":1,"2":1,"3":4,"4":1,"5":1},"f":{"0":4},"b":{},"_coverageSchema":"332fd63041d2c1bcb487cc26dd0d5f7d97098a6c","hash":"f0480a105d180e5387a7ecb98f05615363953295"}
,"/Users/Masavain/FullStackharkka/back/models/image.js": {"path":"/Users/Masavain/FullStackharkka/back/models/image.js","statementMap":{"0":{"start":{"line":1,"column":17},"end":{"line":1,"column":36}},"1":{"start":{"line":3,"column":20},"end":{"line":16,"column":4}},"2":{"start":{"line":18,"column":2},"end":{"line":34,"column":3}},"3":{"start":{"line":19,"column":4},"end":{"line":33,"column":5}},"4":{"start":{"line":36,"column":16},"end":{"line":36,"column":52}},"5":{"start":{"line":38,"column":2},"end":{"line":38,"column":24}}},"fnMap":{"0":{"name":"(anonymous_0)","decl":{"start":{"line":18,"column":31},"end":{"line":18,"column":32}},"loc":{"start":{"line":18,"column":42},"end":{"line":34,"column":3}},"line":18}},"branchMap":{},"s":{"0":1,"1":1,"2":1,"3":0,"4":1,"5":1},"f":{"0":0},"b":{},"_coverageSchema":"332fd63041d2c1bcb487cc26dd0d5f7d97098a6c","hash":"e459bbb7da01a4e5644e7556d1c2766acabf6a03"}
,"/Users/Masavain/FullStackharkka/back/models/post.js": {"path":"/Users/Masavain/FullStackharkka/back/models/post.js","statementMap":{"0":{"start":{"line":1,"column":17},"end":{"line":1,"column":36}},"1":{"start":{"line":3,"column":19},"end":{"line":11,"column":2}},"2":{"start":{"line":13,"column":0},"end":{"line":24,"column":1}},"3":{"start":{"line":14,"column":2},"end":{"line":23,"column":3}},"4":{"start":{"line":26,"column":13},"end":{"line":26,"column":47}},"5":{"start":{"line":28,"column":0},"end":{"line":28,"column":21}}},"fnMap":{"0":{"name":"(anonymous_0)","decl":{"start":{"line":13,"column":28},"end":{"line":13,"column":29}},"loc":{"start":{"line":13,"column":38},"end":{"line":24,"column":1}},"line":13}},"branchMap":{},"s":{"0":1,"1":1,"2":1,"3":0,"4":1,"5":1},"f":{"0":0},"b":{},"_coverageSchema":"332fd63041d2c1bcb487cc26dd0d5f7d97098a6c","hash":"b35ac80646be74aca4fd30040faae95c3e385478"}
,"/Users/Masavain/FullStackharkka/back/models/user.js": {"path":"/Users/Masavain/FullStackharkka/back/models/user.js","statementMap":{"0":{"start":{"line":1,"column":17},"end":{"line":1,"column":36}},"1":{"start":{"line":3,"column":19},"end":{"line":11,"column":2}},"2":{"start":{"line":13,"column":0},"end":{"line":22,"column":1}},"3":{"start":{"line":14,"column":2},"end":{"line":21,"column":3}},"4":{"start":{"line":24,"column":13},"end":{"line":24,"column":47}},"5":{"start":{"line":26,"column":0},"end":{"line":26,"column":21}}},"fnMap":{"0":{"name":"(anonymous_0)","decl":{"start":{"line":13,"column":28},"end":{"line":13,"column":29}},"loc":{"start":{"line":13,"column":38},"end":{"line":22,"column":1}},"line":13}},"branchMap":{},"s":{"0":1,"1":1,"2":1,"3":2,"4":1,"5":1},"f":{"0":2},"b":{},"_coverageSchema":"332fd63041d2c1bcb487cc26dd0d5f7d97098a6c","hash":"5e5c0713460c313ba3338f004e617d464c31ee1b"}
,"/Users/Masavain/FullStackharkka/back/tests/test_helper.js": {"path":"/Users/Masavain/FullStackharkka/back/tests/test_helper.js","statementMap":{"0":{"start":{"line":1,"column":13},"end":{"line":1,"column":38}},"1":{"start":{"line":2,"column":13},"end":{"line":2,"column":38}},"2":{"start":{"line":3,"column":14},"end":{"line":3,"column":40}},"3":{"start":{"line":5,"column":21},"end":{"line":27,"column":1}},"4":{"start":{"line":29,"column":22},"end":{"line":40,"column":1}},"5":{"start":{"line":42,"column":15},"end":{"line":51,"column":1}},"6":{"start":{"line":43,"column":4},"end":{"line":50,"column":5}},"7":{"start":{"line":53,"column":22},"end":{"line":59,"column":1}},"8":{"start":{"line":54,"column":17},"end":{"line":54,"column":27}},"9":{"start":{"line":55,"column":4},"end":{"line":55,"column":21}},"10":{"start":{"line":56,"column":4},"end":{"line":56,"column":23}},"11":{"start":{"line":58,"column":4},"end":{"line":58,"column":30}},"12":{"start":{"line":61,"column":18},"end":{"line":64,"column":1}},"13":{"start":{"line":62,"column":18},"end":{"line":62,"column":37}},"14":{"start":{"line":63,"column":4},"end":{"line":63,"column":28}},"15":{"start":{"line":65,"column":18},"end":{"line":68,"column":1}},"16":{"start":{"line":66,"column":18},"end":{"line":66,"column":37}},"17":{"start":{"line":67,"column":4},"end":{"line":67,"column":16}},"18":{"start":{"line":69,"column":19},"end":{"line":72,"column":1}},"19":{"start":{"line":70,"column":19},"end":{"line":70,"column":39}},"20":{"start":{"line":71,"column":4},"end":{"line":71,"column":17}},"21":{"start":{"line":73,"column":0},"end":{"line":75,"column":1}}},"fnMap":{"0":{"name":"(anonymous_0)","decl":{"start":{"line":42,"column":15},"end":{"line":42,"column":16}},"loc":{"start":{"line":42,"column":25},"end":{"line":51,"column":1}},"line":42},"1":{"name":"(anonymous_1)","decl":{"start":{"line":53,"column":22},"end":{"line":53,"column":23}},"loc":{"start":{"line":53,"column":34},"end":{"line":59,"column":1}},"line":53},"2":{"name":"(anonymous_2)","decl":{"start":{"line":61,"column":18},"end":{"line":61,"column":19}},"loc":{"start":{"line":61,"column":30},"end":{"line":64,"column":1}},"line":61},"3":{"name":"(anonymous_3)","decl":{"start":{"line":65,"column":18},"end":{"line":65,"column":19}},"loc":{"start":{"line":65,"column":30},"end":{"line":68,"column":1}},"line":65},"4":{"name":"(anonymous_4)","decl":{"start":{"line":69,"column":19},"end":{"line":69,"column":20}},"loc":{"start":{"line":69,"column":31},"end":{"line":72,"column":1}},"line":69}},"branchMap":{},"s":{"0":1,"1":1,"2":1,"3":1,"4":1,"5":1,"6":42,"7":1,"8":1,"9":1,"10":1,"11":1,"12":1,"13":12,"14":12,"15":1,"16":2,"17":2,"18":1,"19":0,"20":0,"21":1},"f":{"0":42,"1":1,"2":12,"3":2,"4":0},"b":{},"_coverageSchema":"332fd63041d2c1bcb487cc26dd0d5f7d97098a6c","hash":"df92ad4c59ce46be945c00aa50a1f61ecbdd5686"}
,"/Users/Masavain/FullStackharkka/back/utils/config.js": {"path":"/Users/Masavain/FullStackharkka/back/utils/config.js","statementMap":{"0":{"start":{"line":1,"column":0},"end":{"line":3,"column":3}},"1":{"start":{"line":2,"column":4},"end":{"line":2,"column":30}},"2":{"start":{"line":5,"column":11},"end":{"line":5,"column":27}},"3":{"start":{"line":6,"column":16},"end":{"line":6,"column":39}},"4":{"start":{"line":8,"column":0},"end":{"line":11,"column":3}},"5":{"start":{"line":9,"column":4},"end":{"line":9,"column":32}},"6":{"start":{"line":10,"column":4},"end":{"line":10,"column":43}},"7":{"start":{"line":13,"column":2},"end":{"line":16,"column":3}}},"fnMap":{},"branchMap":{"0":{"loc":{"start":{"line":1,"column":0},"end":{"line":3,"column":3}},"type":"if","locations":[{"start":{"line":1,"column":0},"end":{"line":3,"column":3}},{"start":{"line":1,"column":0},"end":{"line":3,"column":3}}],"line":1},"1":{"loc":{"start":{"line":8,"column":0},"end":{"line":11,"column":3}},"type":"if","locations":[{"start":{"line":8,"column":0},"end":{"line":11,"column":3}},{"start":{"line":8,"column":0},"end":{"line":11,"column":3}}],"line":8}},"s":{"0":1,"1":1,"2":1,"3":1,"4":1,"5":1,"6":1,"7":1},"f":{},"b":{"0":[1,0],"1":[1,0]},"_coverageSchema":"332fd63041d2c1bcb487cc26dd0d5f7d97098a6c","hash":"0b12951138818dd2f395334da732f247f63f27b9"}
,"/Users/Masavain/FullStackharkka/back/utils/middleware.js": {"path":"/Users/Masavain/FullStackharkka/back/utils/middleware.js","statementMap":{"0":{"start":{"line":1,"column":14},"end":{"line":3,"column":1}},"1":{"start":{"line":2,"column":2},"end":{"line":2,"column":58}},"2":{"start":{"line":4,"column":23},"end":{"line":10,"column":1}},"3":{"start":{"line":5,"column":24},"end":{"line":5,"column":52}},"4":{"start":{"line":6,"column":2},"end":{"line":8,"column":3}},"5":{"start":{"line":7,"column":4},"end":{"line":7,"column":46}},"6":{"start":{"line":9,"column":2},"end":{"line":9,"column":8}},"7":{"start":{"line":11,"column":15},"end":{"line":20,"column":1}},"8":{"start":{"line":12,"column":2},"end":{"line":14,"column":3}},"9":{"start":{"line":13,"column":4},"end":{"line":13,"column":17}},"10":{"start":{"line":15,"column":2},"end":{"line":15,"column":40}},"11":{"start":{"line":16,"column":2},"end":{"line":16,"column":38}},"12":{"start":{"line":17,"column":2},"end":{"line":17,"column":38}},"13":{"start":{"line":18,"column":2},"end":{"line":18,"column":20}},"14":{"start":{"line":19,"column":2},"end":{"line":19,"column":8}},"15":{"start":{"line":23,"column":0},"end":{"line":25,"column":1}}},"fnMap":{"0":{"name":"(anonymous_0)","decl":{"start":{"line":1,"column":14},"end":{"line":1,"column":15}},"loc":{"start":{"line":1,"column":37},"end":{"line":3,"column":1}},"line":1},"1":{"name":"(anonymous_1)","decl":{"start":{"line":4,"column":23},"end":{"line":4,"column":24}},"loc":{"start":{"line":4,"column":52},"end":{"line":10,"column":1}},"line":4},"2":{"name":"(anonymous_2)","decl":{"start":{"line":11,"column":15},"end":{"line":11,"column":16}},"loc":{"start":{"line":11,"column":44},"end":{"line":20,"column":1}},"line":11}},"branchMap":{"0":{"loc":{"start":{"line":6,"column":2},"end":{"line":8,"column":3}},"type":"if","locations":[{"start":{"line":6,"column":2},"end":{"line":8,"column":3}},{"start":{"line":6,"column":2},"end":{"line":8,"column":3}}],"line":6},"1":{"loc":{"start":{"line":6,"column":6},"end":{"line":6,"column":72}},"type":"binary-expr","locations":[{"start":{"line":6,"column":6},"end":{"line":6,"column":19}},{"start":{"line":6,"column":23},"end":{"line":6,"column":72}}],"line":6},"2":{"loc":{"start":{"line":12,"column":2},"end":{"line":14,"column":3}},"type":"if","locations":[{"start":{"line":12,"column":2},"end":{"line":14,"column":3}},{"start":{"line":12,"column":2},"end":{"line":14,"column":3}}],"line":12}},"s":{"0":1,"1":0,"2":1,"3":16,"4":16,"5":9,"6":16,"7":1,"8":16,"9":16,"10":0,"11":0,"12":0,"13":0,"14":0,"15":1},"f":{"0":0,"1":16,"2":16},"b":{"0":[9,7],"1":[16,9],"2":[16,0]},"_coverageSchema":"332fd63041d2c1bcb487cc26dd0d5f7d97098a6c","hash":"967c4c0b2f4f737dfe6830e37754cbab084a7214"}
}
